<?xml version="1.0" encoding="UTF-8"?>
<testsuite xmlns:xsi="http://www.w3.org/2001/XMLSchema-instance" xsi:noNamespaceSchemaLocation="https://maven.apache.org/surefire/maven-surefire-plugin/xsd/surefire-test-report.xsd" version="3.0.2" name="com.teamx.demo.SpringBootAppApplicationTests" time="1.969" tests="1" errors="0" skipped="0" failures="0">
  <properties>
[...]
</properties>
  <testcase name="contextLoads" classname="com.teamx.demo.SpringBootAppApplicationTests" time="0.41">
    <system-out><![CDATA[15:44:07.241 [main] INFO org.springframework.test.context.support.AnnotationConfigContextLoaderUtils -- Could not detect default configuration classes for test class [com.teamx.demo.SpringBootAppApplicationTests]: SpringBootAppApplicationTests does not declare any static, non-private, non-final, nested classes annotated with @Configuration.
15:44:07.311 [main] INFO org.springframework.boot.test.context.SpringBootTestContextBootstrapper -- Found @SpringBootConfiguration com.teamx.demo.DemoApplication for test class com.teamx.demo.SpringBootAppApplicationTests
15:44:07.404 [main] INFO org.springframework.boot.devtools.restart.RestartApplicationListener -- Restart disabled due to context in which it is running

  .   ____          _            __ _ _
 /\\ / ___'_ __ _ _(_)_ __  __ _ \ \ \ \
( ( )\___ | '_ | '_| | '_ \/ _` | \ \ \ \
 \\/  ___)| |_)| | | | | || (_| |  ) ) ) )
  '  |____| .__|_| |_|_| |_\__, | / / / /
 =========|_|==============|___/=/_/_/_/

 :: Spring Boot ::                (v3.4.5)

2025-05-13T15:44:07.561-04:00  INFO 83446 --- [spring-boot-app] [           main] c.t.demo.SpringBootAppApplicationTests   : Starting SpringBootAppApplicationTests using Java 21.0.7 with PID 83446 (started by swethasaseendran in /Users/swethasaseendran/Documents/UMass/520 Theory and Practical of Software/Project/Backend/demo)
2025-05-13T15:44:07.561-04:00  INFO 83446 --- [spring-boot-app] [           main] c.t.demo.SpringBootAppApplicationTests   : No active profile set, falling back to 1 default profile: "default"
2025-05-13T15:44:07.854-04:00  INFO 83446 --- [spring-boot-app] [           main] .s.d.r.c.RepositoryConfigurationDelegate : Bootstrapping Spring Data MongoDB repositories in DEFAULT mode.
2025-05-13T15:44:07.886-04:00  INFO 83446 --- [spring-boot-app] [           main] .s.d.r.c.RepositoryConfigurationDelegate : Finished Spring Data repository scanning in 28 ms. Found 5 MongoDB repository interfaces.
2025-05-13T15:44:08.165-04:00  INFO 83446 --- [spring-boot-app] [           main] org.mongodb.driver.client                : MongoClient with metadata {"driver": {"name": "mongo-java-driver|sync|spring-boot", "version": "5.2.1"}, "os": {"type": "Darwin", "name": "Mac OS X", "architecture": "aarch64", "version": "15.3.2"}, "platform": "Java/Homebrew/21.0.7"} created with settings MongoClientSettings{readPreference=primary, writeConcern=WriteConcern{w=majority, wTimeout=null ms, journal=null}, retryWrites=true, retryReads=true, readConcern=ReadConcern{level=null}, credential=MongoCredential{mechanism=null, userName='ssaseendran', source='admin', password=<hidden>, mechanismProperties=<hidden>}, transportSettings=null, commandListeners=[], codecRegistry=ProvidersCodecRegistry{codecProviders=[ValueCodecProvider{}, BsonValueCodecProvider{}, DBRefCodecProvider{}, DBObjectCodecProvider{}, DocumentCodecProvider{}, CollectionCodecProvider{}, IterableCodecProvider{}, MapCodecProvider{}, GeoJsonCodecProvider{}, GridFSFileCodecProvider{}, Jsr310CodecProvider{}, JsonObjectCodecProvider{}, BsonCodecProvider{}, EnumCodecProvider{}, com.mongodb.client.model.mql.ExpressionCodecProvider@2fd409c1, com.mongodb.Jep395RecordCodecProvider@121c1a08, com.mongodb.KotlinCodecProvider@3013e1e8]}, loggerSettings=LoggerSettings{maxDocumentLength=1000}, clusterSettings={hosts=[127.0.0.1:27017], srvHost=teamxcluster.ybhmxsu.mongodb.net, srvServiceName=mongodb, mode=MULTIPLE, requiredClusterType=REPLICA_SET, requiredReplicaSetName='atlas-smcmwf-shard-0', serverSelector='null', clusterListeners='[]', serverSelectionTimeout='30000 ms', localThreshold='15 ms'}, socketSettings=SocketSettings{connectTimeoutMS=10000, readTimeoutMS=0, receiveBufferSize=0, proxySettings=ProxySettings{host=null, port=null, username=null, password=null}}, heartbeatSocketSettings=SocketSettings{connectTimeoutMS=10000, readTimeoutMS=10000, receiveBufferSize=0, proxySettings=ProxySettings{host=null, port=null, username=null, password=null}}, connectionPoolSettings=ConnectionPoolSettings{maxSize=100, minSize=0, maxWaitTimeMS=120000, maxConnectionLifeTimeMS=0, maxConnectionIdleTimeMS=0, maintenanceInitialDelayMS=0, maintenanceFrequencyMS=60000, connectionPoolListeners=[], maxConnecting=2}, serverSettings=ServerSettings{heartbeatFrequencyMS=10000, minHeartbeatFrequencyMS=500, serverMonitoringMode=AUTO, serverListeners='[]', serverMonitorListeners='[]'}, sslSettings=SslSettings{enabled=true, invalidHostNameAllowed=false, context=null}, applicationName='null', compressorList=[], uuidRepresentation=JAVA_LEGACY, serverApi=null, autoEncryptionSettings=null, dnsClient=null, inetAddressResolver=null, contextProvider=null, timeoutMS=null}
2025-05-13T15:44:08.213-04:00  INFO 83446 --- [spring-boot-app] [xsu.mongodb.net] org.mongodb.driver.cluster               : Adding discovered server ac-qbaekaq-shard-00-01.ybhmxsu.mongodb.net:27017 to client view of cluster
2025-05-13T15:44:08.227-04:00  INFO 83446 --- [spring-boot-app] [xsu.mongodb.net] org.mongodb.driver.cluster               : Adding discovered server ac-qbaekaq-shard-00-00.ybhmxsu.mongodb.net:27017 to client view of cluster
2025-05-13T15:44:08.229-04:00  INFO 83446 --- [spring-boot-app] [xsu.mongodb.net] org.mongodb.driver.cluster               : Adding discovered server ac-qbaekaq-shard-00-02.ybhmxsu.mongodb.net:27017 to client view of cluster
2025-05-13T15:44:08.543-04:00  INFO 83446 --- [spring-boot-app] [ngodb.net:27017] org.mongodb.driver.cluster               : Monitor thread successfully connected to server with description ServerDescription{address=ac-qbaekaq-shard-00-00.ybhmxsu.mongodb.net:27017, type=REPLICA_SET_SECONDARY, cryptd=false, state=CONNECTED, ok=true, minWireVersion=0, maxWireVersion=25, maxDocumentSize=16777216, logicalSessionTimeoutMinutes=30, roundTripTimeNanos=200847500, minRoundTripTimeNanos=0, setName='atlas-smcmwf-shard-0', canonicalAddress=ac-qbaekaq-shard-00-00.ybhmxsu.mongodb.net:27017, hosts=[ac-qbaekaq-shard-00-00.ybhmxsu.mongodb.net:27017, ac-qbaekaq-shard-00-02.ybhmxsu.mongodb.net:27017, ac-qbaekaq-shard-00-01.ybhmxsu.mongodb.net:27017], passives=[], arbiters=[], primary='ac-qbaekaq-shard-00-02.ybhmxsu.mongodb.net:27017', tagSet=TagSet{[Tag{name='availabilityZone', value='use1-az2'}, Tag{name='diskState', value='READY'}, Tag{name='nodeType', value='ELECTABLE'}, Tag{name='provider', value='AWS'}, Tag{name='region', value='US_EAST_1'}, Tag{name='workloadType', value='OPERATIONAL'}]}, electionId=null, setVersion=194, topologyVersion=TopologyVersion{processId=681ba116f7f7858634e9f84f, counter=4}, lastWriteDate=Tue May 13 15:44:08 EDT 2025, lastUpdateTimeNanos=95809172204791}
2025-05-13T15:44:08.543-04:00  INFO 83446 --- [spring-boot-app] [ngodb.net:27017] org.mongodb.driver.cluster               : Monitor thread successfully connected to server with description ServerDescription{address=ac-qbaekaq-shard-00-01.ybhmxsu.mongodb.net:27017, type=REPLICA_SET_SECONDARY, cryptd=false, state=CONNECTED, ok=true, minWireVersion=0, maxWireVersion=25, maxDocumentSize=16777216, logicalSessionTimeoutMinutes=30, roundTripTimeNanos=200849708, minRoundTripTimeNanos=0, setName='atlas-smcmwf-shard-0', canonicalAddress=ac-qbaekaq-shard-00-01.ybhmxsu.mongodb.net:27017, hosts=[ac-qbaekaq-shard-00-00.ybhmxsu.mongodb.net:27017, ac-qbaekaq-shard-00-02.ybhmxsu.mongodb.net:27017, ac-qbaekaq-shard-00-01.ybhmxsu.mongodb.net:27017], passives=[], arbiters=[], primary='ac-qbaekaq-shard-00-02.ybhmxsu.mongodb.net:27017', tagSet=TagSet{[Tag{name='availabilityZone', value='use1-az1'}, Tag{name='diskState', value='READY'}, Tag{name='nodeType', value='ELECTABLE'}, Tag{name='provider', value='AWS'}, Tag{name='region', value='US_EAST_1'}, Tag{name='workloadType', value='OPERATIONAL'}]}, electionId=null, setVersion=194, topologyVersion=TopologyVersion{processId=681ba1a4c3ab70618a91da09, counter=3}, lastWriteDate=Tue May 13 15:44:08 EDT 2025, lastUpdateTimeNanos=95809172205500}
2025-05-13T15:44:08.543-04:00  INFO 83446 --- [spring-boot-app] [ngodb.net:27017] org.mongodb.driver.cluster               : Monitor thread successfully connected to server with description ServerDescription{address=ac-qbaekaq-shard-00-02.ybhmxsu.mongodb.net:27017, type=REPLICA_SET_PRIMARY, cryptd=false, state=CONNECTED, ok=true, minWireVersion=0, maxWireVersion=25, maxDocumentSize=16777216, logicalSessionTimeoutMinutes=30, roundTripTimeNanos=194830958, minRoundTripTimeNanos=0, setName='atlas-smcmwf-shard-0', canonicalAddress=ac-qbaekaq-shard-00-02.ybhmxsu.mongodb.net:27017, hosts=[ac-qbaekaq-shard-00-00.ybhmxsu.mongodb.net:27017, ac-qbaekaq-shard-00-02.ybhmxsu.mongodb.net:27017, ac-qbaekaq-shard-00-01.ybhmxsu.mongodb.net:27017], passives=[], arbiters=[], primary='ac-qbaekaq-shard-00-02.ybhmxsu.mongodb.net:27017', tagSet=TagSet{[Tag{name='availabilityZone', value='use1-az5'}, Tag{name='diskState', value='READY'}, Tag{name='nodeType', value='ELECTABLE'}, Tag{name='provider', value='AWS'}, Tag{name='region', value='US_EAST_1'}, Tag{name='workloadType', value='OPERATIONAL'}]}, electionId=7fffffff000000000000018c, setVersion=194, topologyVersion=TopologyVersion{processId=681ba15d6380b4e7a2e27c80, counter=6}, lastWriteDate=Tue May 13 15:44:08 EDT 2025, lastUpdateTimeNanos=95809172205500}
2025-05-13T15:44:08.545-04:00  INFO 83446 --- [spring-boot-app] [ngodb.net:27017] org.mongodb.driver.cluster               : Discovered replica set primary ac-qbaekaq-shard-00-02.ybhmxsu.mongodb.net:27017 with max election id 7fffffff000000000000018c and max set version 194
2025-05-13T15:44:08.686-04:00  INFO 83446 --- [spring-boot-app] [           main] c.t.demo.SpringBootAppApplicationTests   : Started SpringBootAppApplicationTests in 1.289 seconds (process running for 1.932)
]]></system-out>
    <system-err><![CDATA[Mockito is currently self-attaching to enable the inline-mock-maker. This will no longer work in future releases of the JDK. Please add Mockito as an agent to your build what is described in Mockito's documentation: https://javadoc.io/doc/org.mockito/mockito-core/latest/org/mockito/Mockito.html#0.3
WARNING: A Java agent has been loaded dynamically (/Users/swethasaseendran/.m2/repository/net/bytebuddy/byte-buddy-agent/1.15.11/byte-buddy-agent-1.15.11.jar)
WARNING: If a serviceability tool is in use, please run with -XX:+EnableDynamicAgentLoading to hide this warning
WARNING: If a serviceability tool is not in use, please run with -Djdk.instrument.traceUsage for more information
WARNING: Dynamic loading of agents will be disallowed by default in a future release
]]></system-err>
  </testcase>
</testsuite>